<?xml version="1.0" encoding="UTF-8"?>
<!-- Generated by org.testng.reporters.JUnitXMLReporter -->
<testsuite hostname="NALAMURI-58LU7" ignored="0" name="Test" tests="1" failures="0" timestamp="13 Oct 2017 09:19:46 GMT" time="0.059" errors="0">
  <testcase name="@BeforeClass setup" time="0.007" classname="com.cisco.collabNextGen.common.BaseTestSuite">
    <failure type="java.lang.NullPointerException">
      <![CDATA[java.lang.NullPointerException
	at com.cisco.collabNextGen.common.DriverManager.getDriverInstance(DriverManager.java:28)
	at com.cisco.collabNextGen.common.BaseTestSuite.setup(BaseTestSuite.java:59)
... Removed 25 stack frames]]>
    </failure>
  </testcase> <!-- @BeforeClass setup -->
  <testcase name="@BeforeClass setupClass" time="0.0" classname="com.cisco.collabNextGen.common.BaseTestSuite">
    <skipped/>
  </testcase> <!-- @BeforeClass setupClass -->
  <testcase name="@BeforeMethod beforeMethod" time="0.0" classname="com.cisco.collabNextGen.utilities.extentreports.ExtentTestNGReportBuilder">
    <skipped/>
  </testcase> <!-- @BeforeMethod beforeMethod -->
  <testcase name="@BeforeMethod setTestMethodName" time="0.0" classname="com.cisco.collabNextGen.common.BaseTestSuite">
    <skipped/>
  </testcase> <!-- @BeforeMethod setTestMethodName -->
  <testcase name="test1" time="0.001" classname="com.cisco.collabNextGen.endtoend.tests.NewDemo">
    <skipped/>
  </testcase> <!-- test1 -->
</testsuite> <!-- Test -->
