<?xml version="1.0" encoding="UTF-8"?>
<!-- Generated by org.testng.reporters.JUnitXMLReporter -->
<testsuite hostname="NALAMURI-58LU7" ignored="0" name="Default test" tests="6" failures="0" timestamp="02 Nov 2017 09:43:47 GMT" time="0.108" errors="0">
  <testcase name="@BeforeSuite setup" time="0.002" classname="com.cisco.collabNextGen.common.BaseTestSuite">
    <failure type="java.lang.NullPointerException">
      <![CDATA[java.lang.NullPointerException
	at com.cisco.collabNextGen.common.DriverManager.getDriverInstance(DriverManager.java:28)
	at com.cisco.collabNextGen.common.BaseTestSuite.setup(BaseTestSuite.java:64)
	at sun.reflect.NativeMethodAccessorImpl.invoke0(Native Method)
	at sun.reflect.NativeMethodAccessorImpl.invoke(NativeMethodAccessorImpl.java:62)
	at sun.reflect.DelegatingMethodAccessorImpl.invoke(DelegatingMethodAccessorImpl.java:43)
	at java.lang.reflect.Method.invoke(Method.java:498)
	at org.testng.internal.MethodInvocationHelper.invokeMethod(MethodInvocationHelper.java:108)
	at org.testng.internal.Invoker.invokeConfigurationMethod(Invoker.java:523)
	at org.testng.internal.Invoker.invokeConfigurations(Invoker.java:224)
	at org.testng.internal.Invoker.invokeConfigurations(Invoker.java:146)
	at org.testng.SuiteRunner.privateRun(SuiteRunner.java:326)
	at org.testng.SuiteRunner.run(SuiteRunner.java:289)
	at org.testng.SuiteRunnerWorker.runSuite(SuiteRunnerWorker.java:52)
	at org.testng.SuiteRunnerWorker.run(SuiteRunnerWorker.java:86)
	at org.testng.TestNG.runSuitesSequentially(TestNG.java:1301)
	at org.testng.TestNG.runSuitesLocally(TestNG.java:1226)
	at org.testng.TestNG.runSuites(TestNG.java:1144)
	at org.testng.TestNG.run(TestNG.java:1115)
	at org.testng.remote.AbstractRemoteTestNG.run(AbstractRemoteTestNG.java:114)
	at org.testng.remote.RemoteTestNG.initAndRun(RemoteTestNG.java:251)
	at org.testng.remote.RemoteTestNG.main(RemoteTestNG.java:77)
]]>
    </failure>
  </testcase> <!-- @BeforeSuite setup -->
  <testcase name="@BeforeClass beforeClass" time="0.0" classname="com.cisco.collabNextGen.utilities.extentreports.ExtentTestNGReportBuilder">
    <skipped/>
  </testcase> <!-- @BeforeClass beforeClass -->
  <testcase name="@BeforeClass setupClass" time="0.0" classname="com.cisco.collabNextGen.common.BaseTestSuite">
    <skipped/>
  </testcase> <!-- @BeforeClass setupClass -->
  <testcase name="@BeforeMethod beforeMethod" time="0.0" classname="com.cisco.collabNextGen.utilities.extentreports.ExtentTestNGReportBuilder">
    <skipped/>
  </testcase> <!-- @BeforeMethod beforeMethod -->
  <testcase name="@BeforeMethod setTestMethodName" time="0.0" classname="com.cisco.collabNextGen.common.BaseTestSuite">
    <skipped/>
  </testcase> <!-- @BeforeMethod setTestMethodName -->
  <testcase name="@BeforeMethod beforeMethod" time="0.0" classname="com.cisco.collabNextGen.utilities.extentreports.ExtentTestNGReportBuilder">
    <skipped/>
  </testcase> <!-- @BeforeMethod beforeMethod -->
  <testcase name="@BeforeMethod setTestMethodName" time="0.0" classname="com.cisco.collabNextGen.common.BaseTestSuite">
    <skipped/>
  </testcase> <!-- @BeforeMethod setTestMethodName -->
  <testcase name="@BeforeMethod beforeMethod" time="0.0" classname="com.cisco.collabNextGen.utilities.extentreports.ExtentTestNGReportBuilder">
    <skipped/>
  </testcase> <!-- @BeforeMethod beforeMethod -->
  <testcase name="@BeforeMethod setTestMethodName" time="0.0" classname="com.cisco.collabNextGen.common.BaseTestSuite">
    <skipped/>
  </testcase> <!-- @BeforeMethod setTestMethodName -->
  <testcase name="loginTest" time="0.001" classname="com.cisco.collabNextGen.endtoend.tests.WorkFlowTest">
    <skipped/>
  </testcase> <!-- loginTest -->
  <testcase name="adddeviceAndTestConnectivity" time="0.0" classname="com.cisco.collabNextGen.endtoend.tests.WorkFlowTest">
    <skipped/>
  </testcase> <!-- adddeviceAndTestConnectivity -->
  <testcase name="checkConnectivityStatus" time="0.0" classname="com.cisco.collabNextGen.endtoend.tests.WorkFlowTest">
    <skipped/>
  </testcase> <!-- checkConnectivityStatus -->
  <testcase name="initializeCollection" time="0.0" classname="com.cisco.collabNextGen.endtoend.tests.WorkFlowTest">
    <skipped/>
  </testcase> <!-- initializeCollection -->
  <testcase name="startAnalysisJobTest" time="0.0" classname="com.cisco.collabNextGen.endtoend.tests.WorkFlowTest">
    <skipped/>
  </testcase> <!-- startAnalysisJobTest -->
  <testcase name="startReportTest" time="0.0" classname="com.cisco.collabNextGen.endtoend.tests.WorkFlowTest">
    <skipped/>
  </testcase> <!-- startReportTest -->
</testsuite> <!-- Default test -->
